Build started 12/15/2015 7:40:11 PM.
     1>Project "C:\Users\Justin\Documents\UCLA\CS\CS 32\BoulderBlast\BoulderBlast\BoulderBlast.vcxproj" on node 2 (Build target(s)).
     1>ClCompile:
         C:\Program Files (x86)\Microsoft Visual Studio 14.0\VC\bin\CL.exe /c /ZI /nologo /W3 /WX- /sdl /Od /Oy- /D WIN32 /D _DEBUG /D _CONSOLE /D _CRT_SECURE_NO_WARNINGS /D GLUT_BUILDING_LIB /D _UNICODE /D UNICODE /Gm /EHsc /RTC1 /MDd /GS /fp:precise /Zc:wchar_t /Zc:forScope /Zc:inline /Fo"Debug\\" /Fd"Debug\vc140.pdb" /Gd /TP /analyze- /errorReport:prompt Actor.cpp GameController.cpp GameWorld.cpp main.cpp StudentWorld.cpp
         StudentWorld.cpp
     1>c:\users\justin\documents\ucla\cs\cs 32\boulderblast\boulderblast\studentworld.cpp(135): warning C4018: '<': signed/unsigned mismatch
     1>c:\users\justin\documents\ucla\cs\cs 32\boulderblast\boulderblast\studentworld.cpp(153): warning C4018: '<': signed/unsigned mismatch
     1>c:\users\justin\documents\ucla\cs\cs 32\boulderblast\boulderblast\studentworld.cpp(232): warning C4018: '<': signed/unsigned mismatch
     1>c:\users\justin\documents\ucla\cs\cs 32\boulderblast\boulderblast\studentworld.cpp(243): warning C4018: '<': signed/unsigned mismatch
     1>c:\users\justin\documents\ucla\cs\cs 32\boulderblast\boulderblast\studentworld.cpp(259): warning C4018: '<': signed/unsigned mismatch
     1>c:\users\justin\documents\ucla\cs\cs 32\boulderblast\boulderblast\studentworld.cpp(269): warning C4018: '<': signed/unsigned mismatch
     1>c:\users\justin\documents\ucla\cs\cs 32\boulderblast\boulderblast\studentworld.cpp(319): warning C4018: '<': signed/unsigned mismatch
         main.cpp
         GameWorld.cpp
         GameController.cpp
     1>c:\users\justin\documents\ucla\cs\cs 32\boulderblast\boulderblast\gamecontroller.cpp(419): warning C4838: conversion from 'double' to 'GLfloat' requires a narrowing conversion
         Actor.cpp
     1>c:\users\justin\documents\ucla\cs\cs 32\boulderblast\boulderblast\actor.cpp(336): warning C4390: ';': empty controlled statement found; is this the intent?
     1>c:\users\justin\documents\ucla\cs\cs 32\boulderblast\boulderblast\actor.cpp(342): warning C4390: ';': empty controlled statement found; is this the intent?
     1>c:\users\justin\documents\ucla\cs\cs 32\boulderblast\boulderblast\actor.cpp(348): warning C4390: ';': empty controlled statement found; is this the intent?
     1>c:\users\justin\documents\ucla\cs\cs 32\boulderblast\boulderblast\actor.cpp(354): warning C4390: ';': empty controlled statement found; is this the intent?
         Generating Code...
       Link:
         C:\Program Files (x86)\Microsoft Visual Studio 14.0\VC\bin\link.exe /ERRORREPORT:PROMPT /OUT:"C:\Users\Justin\Documents\UCLA\CS\CS 32\BoulderBlast\Debug\BoulderBlast.exe" /INCREMENTAL /NOLOGO kernel32.lib user32.lib gdi32.lib winspool.lib comdlg32.lib advapi32.lib shell32.lib ole32.lib oleaut32.lib uuid.lib odbc32.lib odbccp32.lib /MANIFEST /MANIFESTUAC:"level='asInvoker' uiAccess='false'" /manifest:embed /Debug /PDB:"C:\Users\Justin\Documents\UCLA\CS\CS 32\BoulderBlast\Debug\BoulderBlast.pdb" /SUBSYSTEM:CONSOLE /TLBID:1 /DYNAMICBASE /NXCOMPAT /IMPLIB:"C:\Users\Justin\Documents\UCLA\CS\CS 32\BoulderBlast\Debug\BoulderBlast.lib" /MACHINE:X86 Debug\Actor.obj
         Debug\GameController.obj
         Debug\GameWorld.obj
         Debug\main.obj
         Debug\StudentWorld.obj
         BoulderBlast.vcxproj -> C:\Users\Justin\Documents\UCLA\CS\CS 32\BoulderBlast\Debug\BoulderBlast.exe
     1>Done Building Project "C:\Users\Justin\Documents\UCLA\CS\CS 32\BoulderBlast\BoulderBlast\BoulderBlast.vcxproj" (Build target(s)).

Build succeeded.

Time Elapsed 00:00:07.44
